<?xml version="1.0" encoding="UTF-8"?>
<!-- Generated by org.testng.reporters.JUnitReportReporter -->
<testsuite hostname="Rajeev" failures="0" tests="1" name="demopack.Skybettingdemo" time="2.733" errors="0" timestamp="2021-01-21T09:20:51 GMT" skipped="0">
  <testcase classname="demopack.Skybettingdemo" name="getFixtures" time="2.733"/>
  <system-out/>
</testsuite> <!-- demopack.Skybettingdemo -->
