<?xml version="1.0" encoding="UTF-8"?>
<!-- Generated by org.testng.reporters.JUnitReportReporter -->
<testsuite hostname="Rajeev" failures="0" tests="1" name="testcases.UpdateFixture" time="0.136" errors="0" timestamp="2021-01-24T09:20:29 GMT" skipped="0">
  <testcase classname="testcases.UpdateFixture" name="storeFixture" time="0.136"/>
  <system-out/>
</testsuite> <!-- testcases.UpdateFixture -->
