<?xml version="1.0" encoding="UTF-8"?>
<!-- Generated by org.testng.reporters.JUnitReportReporter -->
<testsuite hostname="Rajeev" failures="0" tests="1" name="testcases.Update" time="2.449" errors="0" timestamp="2021-01-23T20:56:47 GMT" skipped="0">
  <testcase classname="testcases.Update" name="storeFixture" time="2.449"/>
  <system-out/>
</testsuite> <!-- testcases.Update -->
