<?xml version="1.0" encoding="UTF-8"?>
<!-- Generated by org.testng.reporters.JUnitReportReporter -->
<testsuite hostname="Rajeev" failures="0" tests="1" name="demopack.Trial" time="0.981" errors="0" timestamp="2021-01-21T08:36:35 GMT" skipped="0">
  <testcase classname="demopack.Trial" name="fixture" time="0.981"/>
  <system-out/>
</testsuite> <!-- demopack.Trial -->
