<?xml version="1.0" encoding="UTF-8"?>
<!-- Generated by org.testng.reporters.JUnitReportReporter -->
<testsuite hostname="Rajeev" failures="0" tests="1" name="testcases.UpdateAndDeleteFixture" time="0.363" errors="0" timestamp="2021-01-23T19:13:35 GMT" skipped="0">
  <testcase classname="testcases.UpdateAndDeleteFixture" name="storeFixture" time="0.363"/>
  <system-out/>
</testsuite> <!-- testcases.UpdateAndDeleteFixture -->
