<?xml version="1.0" encoding="UTF-8"?>
<!-- Generated by org.testng.reporters.JUnitReportReporter -->
<testsuite hostname="Rajeev" failures="0" tests="1" name="demopack.StoreFixture" time="2.538" errors="0" timestamp="2021-01-21T09:24:02 GMT" skipped="0">
  <testcase classname="demopack.StoreFixture" name="storeFixture" time="2.538"/>
  <system-out/>
</testsuite> <!-- demopack.StoreFixture -->
