<?xml version="1.0" encoding="UTF-8"?>
<!-- Generated by org.testng.reporters.JUnitReportReporter -->
<testsuite hostname="Rajeev" failures="0" tests="1" name="testcases.DeleteFixture" time="2.711" errors="0" timestamp="2021-01-24T09:30:58 GMT" skipped="0">
  <testcase classname="testcases.DeleteFixture" name="deleteFixture" time="2.711"/>
  <system-out/>
</testsuite> <!-- testcases.DeleteFixture -->
