<?xml version="1.0" encoding="UTF-8"?>
<!-- Generated by org.testng.reporters.JUnitReportReporter -->
<testsuite hostname="Rajeev" failures="0" tests="1" name="demopack.GetStoredFixture" time="3.137" errors="0" timestamp="2021-01-21T09:28:48 GMT" skipped="0">
  <testcase classname="demopack.GetStoredFixture" name="getNewFixture" time="3.137"/>
  <system-out/>
</testsuite> <!-- demopack.GetStoredFixture -->
