<?xml version="1.0" encoding="UTF-8"?>
<!-- Generated by org.testng.reporters.JUnitReportReporter -->
<testsuite hostname="Rajeev" failures="0" tests="1" name="testcases.StoreFixture" time="6.552" errors="0" timestamp="2021-01-24T09:28:40 GMT" skipped="0">
  <testcase classname="testcases.StoreFixture" name="storeFixture" time="6.552"/>
  <system-out/>
</testsuite> <!-- testcases.StoreFixture -->
