<?xml version="1.0" encoding="UTF-8"?>
<!-- Generated by org.testng.reporters.JUnitReportReporter -->
<testsuite hostname="Rajeev" failures="0" tests="1" name="testcases.GetStoredFixture" time="0.668" errors="0" timestamp="2021-01-22T08:34:55 GMT" skipped="0">
  <testcase classname="testcases.GetStoredFixture" name="getStoredFixture" time="0.668"/>
  <system-out/>
</testsuite> <!-- testcases.GetStoredFixture -->
